2021-07-23 13:25:42,490 INFO 25128 [egg-schedule]: register schedule F:\PlanningIntegration\work\project\scfun-system\node_modules\egg-multipart\app\schedule\clean_tmpdir.js
2021-07-23 13:25:42,491 INFO 25128 [egg-schedule]: register schedule F:\PlanningIntegration\work\project\scfun-system\node_modules\egg-logrotator\app\schedule\clean_log.js
2021-07-23 13:25:42,491 INFO 25128 [egg-schedule]: register schedule F:\PlanningIntegration\work\project\scfun-system\node_modules\egg-logrotator\app\schedule\rotate_by_file.js
2021-07-23 13:25:44,163 INFO 25128 [Timer] F:\PlanningIntegration\work\project\scfun-system\node_modules\egg-multipart\app\schedule\clean_tmpdir.js next time will execute after 54255858ms at 2021-07-24 04:30:00.021
2021-07-23 13:25:44,165 INFO 25128 [Timer] F:\PlanningIntegration\work\project\scfun-system\node_modules\egg-logrotator\app\schedule\clean_log.js next time will execute after 38055836ms at 2021-07-24 00:00:00.000
2021-07-23 13:25:44,165 INFO 25128 [Timer] F:\PlanningIntegration\work\project\scfun-system\node_modules\egg-logrotator\app\schedule\rotate_by_file.js next time will execute after 38056835ms at 2021-07-24 00:00:01.000
2021-07-23 13:53:27,891 INFO 15132 [egg-schedule]: register schedule F:\PlanningIntegration\work\project\scfun-system\node_modules\egg-multipart\app\schedule\clean_tmpdir.js
2021-07-23 13:53:27,891 INFO 15132 [egg-schedule]: register schedule F:\PlanningIntegration\work\project\scfun-system\node_modules\egg-logrotator\app\schedule\clean_log.js
2021-07-23 13:53:27,891 INFO 15132 [egg-schedule]: register schedule F:\PlanningIntegration\work\project\scfun-system\node_modules\egg-logrotator\app\schedule\rotate_by_file.js
2021-07-23 13:53:29,207 INFO 15132 [Timer] F:\PlanningIntegration\work\project\scfun-system\node_modules\egg-multipart\app\schedule\clean_tmpdir.js next time will execute after 52590806ms at 2021-07-24 04:30:00.013
2021-07-23 13:53:29,209 INFO 15132 [Timer] F:\PlanningIntegration\work\project\scfun-system\node_modules\egg-logrotator\app\schedule\clean_log.js next time will execute after 36390792ms at 2021-07-24 00:00:00.001
2021-07-23 13:53:29,211 INFO 15132 [Timer] F:\PlanningIntegration\work\project\scfun-system\node_modules\egg-logrotator\app\schedule\rotate_by_file.js next time will execute after 36391791ms at 2021-07-24 00:00:01.002
2021-07-23 13:59:21,293 INFO 18548 [egg-schedule]: register schedule F:\PlanningIntegration\work\project\scfun-system\node_modules\egg-multipart\app\schedule\clean_tmpdir.js
2021-07-23 13:59:21,293 INFO 18548 [egg-schedule]: register schedule F:\PlanningIntegration\work\project\scfun-system\node_modules\egg-logrotator\app\schedule\clean_log.js
2021-07-23 13:59:21,293 INFO 18548 [egg-schedule]: register schedule F:\PlanningIntegration\work\project\scfun-system\node_modules\egg-logrotator\app\schedule\rotate_by_file.js
2021-07-23 14:01:00,269 INFO 20760 [egg-schedule]: register schedule F:\PlanningIntegration\work\project\scfun-system\node_modules\egg-multipart\app\schedule\clean_tmpdir.js
2021-07-23 14:01:00,269 INFO 20760 [egg-schedule]: register schedule F:\PlanningIntegration\work\project\scfun-system\node_modules\egg-logrotator\app\schedule\clean_log.js
2021-07-23 14:01:00,269 INFO 20760 [egg-schedule]: register schedule F:\PlanningIntegration\work\project\scfun-system\node_modules\egg-logrotator\app\schedule\rotate_by_file.js
2021-07-23 14:01:01,532 INFO 20760 [Timer] F:\PlanningIntegration\work\project\scfun-system\node_modules\egg-multipart\app\schedule\clean_tmpdir.js next time will execute after 52138483ms at 2021-07-24 04:30:00.014
2021-07-23 14:01:01,533 INFO 20760 [Timer] F:\PlanningIntegration\work\project\scfun-system\node_modules\egg-logrotator\app\schedule\clean_log.js next time will execute after 35938468ms at 2021-07-24 00:00:00.000
2021-07-23 14:01:01,533 INFO 20760 [Timer] F:\PlanningIntegration\work\project\scfun-system\node_modules\egg-logrotator\app\schedule\rotate_by_file.js next time will execute after 35939467ms at 2021-07-24 00:00:01.000
2021-07-23 15:02:41,687 INFO 14780 [egg-schedule]: register schedule F:\PlanningIntegration\work\project\scfun-system\node_modules\egg-multipart\app\schedule\clean_tmpdir.js
2021-07-23 15:02:41,687 INFO 14780 [egg-schedule]: register schedule F:\PlanningIntegration\work\project\scfun-system\node_modules\egg-logrotator\app\schedule\clean_log.js
2021-07-23 15:02:41,687 INFO 14780 [egg-schedule]: register schedule F:\PlanningIntegration\work\project\scfun-system\node_modules\egg-logrotator\app\schedule\rotate_by_file.js
2021-07-23 15:02:42,711 INFO 14780 [Timer] F:\PlanningIntegration\work\project\scfun-system\node_modules\egg-multipart\app\schedule\clean_tmpdir.js next time will execute after 48437312ms at 2021-07-24 04:30:00.023
2021-07-23 15:02:42,713 INFO 14780 [Timer] F:\PlanningIntegration\work\project\scfun-system\node_modules\egg-logrotator\app\schedule\clean_log.js next time will execute after 32237288ms at 2021-07-24 00:00:00.001
2021-07-23 15:02:42,714 INFO 14780 [Timer] F:\PlanningIntegration\work\project\scfun-system\node_modules\egg-logrotator\app\schedule\rotate_by_file.js next time will execute after 32238287ms at 2021-07-24 00:00:01.001
2021-07-23 15:10:22,710 INFO 5900 [egg-schedule]: register schedule F:\PlanningIntegration\work\project\scfun-system\node_modules\egg-multipart\app\schedule\clean_tmpdir.js
2021-07-23 15:10:22,710 INFO 5900 [egg-schedule]: register schedule F:\PlanningIntegration\work\project\scfun-system\node_modules\egg-logrotator\app\schedule\clean_log.js
2021-07-23 15:10:22,710 INFO 5900 [egg-schedule]: register schedule F:\PlanningIntegration\work\project\scfun-system\node_modules\egg-logrotator\app\schedule\rotate_by_file.js
2021-07-23 15:10:23,957 INFO 5900 [Timer] F:\PlanningIntegration\work\project\scfun-system\node_modules\egg-multipart\app\schedule\clean_tmpdir.js next time will execute after 47976056ms at 2021-07-24 04:30:00.013
2021-07-23 15:10:23,958 INFO 5900 [Timer] F:\PlanningIntegration\work\project\scfun-system\node_modules\egg-logrotator\app\schedule\clean_log.js next time will execute after 31776043ms at 2021-07-24 00:00:00.001
2021-07-23 15:10:23,959 INFO 5900 [Timer] F:\PlanningIntegration\work\project\scfun-system\node_modules\egg-logrotator\app\schedule\rotate_by_file.js next time will execute after 31777042ms at 2021-07-24 00:00:01.001
2021-07-23 15:18:06,280 INFO 24160 [egg-schedule]: register schedule F:\PlanningIntegration\work\project\scfun-system\node_modules\egg-multipart\app\schedule\clean_tmpdir.js
2021-07-23 15:18:06,280 INFO 24160 [egg-schedule]: register schedule F:\PlanningIntegration\work\project\scfun-system\node_modules\egg-logrotator\app\schedule\clean_log.js
2021-07-23 15:18:06,280 INFO 24160 [egg-schedule]: register schedule F:\PlanningIntegration\work\project\scfun-system\node_modules\egg-logrotator\app\schedule\rotate_by_file.js
2021-07-23 15:18:07,000 INFO 24160 [Timer] F:\PlanningIntegration\work\project\scfun-system\node_modules\egg-multipart\app\schedule\clean_tmpdir.js next time will execute after 47513010ms at 2021-07-24 04:30:00.010
2021-07-23 15:18:07,003 INFO 24160 [Timer] F:\PlanningIntegration\work\project\scfun-system\node_modules\egg-logrotator\app\schedule\clean_log.js next time will execute after 31312999ms at 2021-07-24 00:00:00.002
2021-07-23 15:18:07,004 INFO 24160 [Timer] F:\PlanningIntegration\work\project\scfun-system\node_modules\egg-logrotator\app\schedule\rotate_by_file.js next time will execute after 31313997ms at 2021-07-24 00:00:01.001
2021-07-23 15:19:22,528 INFO 13156 [egg-schedule]: register schedule F:\PlanningIntegration\work\project\scfun-system\node_modules\egg-multipart\app\schedule\clean_tmpdir.js
2021-07-23 15:19:22,528 INFO 13156 [egg-schedule]: register schedule F:\PlanningIntegration\work\project\scfun-system\node_modules\egg-logrotator\app\schedule\clean_log.js
2021-07-23 15:19:22,528 INFO 13156 [egg-schedule]: register schedule F:\PlanningIntegration\work\project\scfun-system\node_modules\egg-logrotator\app\schedule\rotate_by_file.js
2021-07-23 15:19:24,192 INFO 13156 [Timer] F:\PlanningIntegration\work\project\scfun-system\node_modules\egg-multipart\app\schedule\clean_tmpdir.js next time will execute after 47435825ms at 2021-07-24 04:30:00.017
2021-07-23 15:19:24,193 INFO 13156 [Timer] F:\PlanningIntegration\work\project\scfun-system\node_modules\egg-logrotator\app\schedule\clean_log.js next time will execute after 31235808ms at 2021-07-24 00:00:00.001
2021-07-23 15:19:24,194 INFO 13156 [Timer] F:\PlanningIntegration\work\project\scfun-system\node_modules\egg-logrotator\app\schedule\rotate_by_file.js next time will execute after 31236807ms at 2021-07-24 00:00:01.001
2021-07-23 15:20:12,626 INFO 22700 [egg-schedule]: register schedule F:\PlanningIntegration\work\project\scfun-system\node_modules\egg-multipart\app\schedule\clean_tmpdir.js
2021-07-23 15:20:12,627 INFO 22700 [egg-schedule]: register schedule F:\PlanningIntegration\work\project\scfun-system\node_modules\egg-logrotator\app\schedule\clean_log.js
2021-07-23 15:20:12,627 INFO 22700 [egg-schedule]: register schedule F:\PlanningIntegration\work\project\scfun-system\node_modules\egg-logrotator\app\schedule\rotate_by_file.js
2021-07-23 15:20:14,391 INFO 22700 [Timer] F:\PlanningIntegration\work\project\scfun-system\node_modules\egg-multipart\app\schedule\clean_tmpdir.js next time will execute after 47385617ms at 2021-07-24 04:30:00.008
2021-07-23 15:20:14,392 INFO 22700 [Timer] F:\PlanningIntegration\work\project\scfun-system\node_modules\egg-logrotator\app\schedule\clean_log.js next time will execute after 31185608ms at 2021-07-24 00:00:00.000
2021-07-23 15:20:14,393 INFO 22700 [Timer] F:\PlanningIntegration\work\project\scfun-system\node_modules\egg-logrotator\app\schedule\rotate_by_file.js next time will execute after 31186607ms at 2021-07-24 00:00:01.000
2021-07-23 15:23:50,242 INFO 13928 [egg-schedule]: register schedule F:\PlanningIntegration\work\project\scfun-system\node_modules\egg-multipart\app\schedule\clean_tmpdir.js
2021-07-23 15:23:50,242 INFO 13928 [egg-schedule]: register schedule F:\PlanningIntegration\work\project\scfun-system\node_modules\egg-logrotator\app\schedule\clean_log.js
2021-07-23 15:23:50,242 INFO 13928 [egg-schedule]: register schedule F:\PlanningIntegration\work\project\scfun-system\node_modules\egg-logrotator\app\schedule\rotate_by_file.js
2021-07-23 15:23:51,446 INFO 13928 [Timer] F:\PlanningIntegration\work\project\scfun-system\node_modules\egg-multipart\app\schedule\clean_tmpdir.js next time will execute after 47168567ms at 2021-07-24 04:30:00.013
2021-07-23 15:23:51,448 INFO 13928 [Timer] F:\PlanningIntegration\work\project\scfun-system\node_modules\egg-logrotator\app\schedule\clean_log.js next time will execute after 30968553ms at 2021-07-24 00:00:00.001
2021-07-23 15:23:51,449 INFO 13928 [Timer] F:\PlanningIntegration\work\project\scfun-system\node_modules\egg-logrotator\app\schedule\rotate_by_file.js next time will execute after 30969552ms at 2021-07-24 00:00:01.001
2021-07-23 15:26:49,909 INFO 24024 [egg-schedule]: register schedule F:\PlanningIntegration\work\project\scfun-system\node_modules\egg-multipart\app\schedule\clean_tmpdir.js
2021-07-23 15:26:49,909 INFO 24024 [egg-schedule]: register schedule F:\PlanningIntegration\work\project\scfun-system\node_modules\egg-logrotator\app\schedule\clean_log.js
2021-07-23 15:26:49,910 INFO 24024 [egg-schedule]: register schedule F:\PlanningIntegration\work\project\scfun-system\node_modules\egg-logrotator\app\schedule\rotate_by_file.js
2021-07-23 15:26:51,544 INFO 24024 [Timer] F:\PlanningIntegration\work\project\scfun-system\node_modules\egg-multipart\app\schedule\clean_tmpdir.js next time will execute after 46988473ms at 2021-07-24 04:30:00.017
2021-07-23 15:26:51,545 INFO 24024 [Timer] F:\PlanningIntegration\work\project\scfun-system\node_modules\egg-logrotator\app\schedule\clean_log.js next time will execute after 30788456ms at 2021-07-24 00:00:00.001
2021-07-23 15:26:51,546 INFO 24024 [Timer] F:\PlanningIntegration\work\project\scfun-system\node_modules\egg-logrotator\app\schedule\rotate_by_file.js next time will execute after 30789455ms at 2021-07-24 00:00:01.001
2021-07-23 15:56:00,240 INFO 24168 [egg-schedule]: register schedule F:\PlanningIntegration\work\project\scfun-system\node_modules\egg-multipart\app\schedule\clean_tmpdir.js
2021-07-23 15:56:00,240 INFO 24168 [egg-schedule]: register schedule F:\PlanningIntegration\work\project\scfun-system\node_modules\egg-logrotator\app\schedule\clean_log.js
2021-07-23 15:56:00,240 INFO 24168 [egg-schedule]: register schedule F:\PlanningIntegration\work\project\scfun-system\node_modules\egg-logrotator\app\schedule\rotate_by_file.js
2021-07-23 15:56:01,097 INFO 24168 [Timer] F:\PlanningIntegration\work\project\scfun-system\node_modules\egg-multipart\app\schedule\clean_tmpdir.js next time will execute after 45238907ms at 2021-07-24 04:30:00.004
2021-07-23 15:56:01,098 INFO 24168 [Timer] F:\PlanningIntegration\work\project\scfun-system\node_modules\egg-logrotator\app\schedule\clean_log.js next time will execute after 29038903ms at 2021-07-24 00:00:00.001
2021-07-23 15:56:01,098 INFO 24168 [Timer] F:\PlanningIntegration\work\project\scfun-system\node_modules\egg-logrotator\app\schedule\rotate_by_file.js next time will execute after 29039902ms at 2021-07-24 00:00:01.000
2021-07-23 15:56:57,170 INFO 20024 [egg-schedule]: register schedule F:\PlanningIntegration\work\project\scfun-system\node_modules\egg-multipart\app\schedule\clean_tmpdir.js
2021-07-23 15:56:57,170 INFO 20024 [egg-schedule]: register schedule F:\PlanningIntegration\work\project\scfun-system\node_modules\egg-logrotator\app\schedule\clean_log.js
2021-07-23 15:56:57,170 INFO 20024 [egg-schedule]: register schedule F:\PlanningIntegration\work\project\scfun-system\node_modules\egg-logrotator\app\schedule\rotate_by_file.js
2021-07-23 15:56:59,388 INFO 20024 [Timer] F:\PlanningIntegration\work\project\scfun-system\node_modules\egg-multipart\app\schedule\clean_tmpdir.js next time will execute after 45180620ms at 2021-07-24 04:30:00.008
2021-07-23 15:56:59,389 INFO 20024 [Timer] F:\PlanningIntegration\work\project\scfun-system\node_modules\egg-logrotator\app\schedule\clean_log.js next time will execute after 28980611ms at 2021-07-24 00:00:00.000
2021-07-23 15:56:59,390 INFO 20024 [Timer] F:\PlanningIntegration\work\project\scfun-system\node_modules\egg-logrotator\app\schedule\rotate_by_file.js next time will execute after 28981611ms at 2021-07-24 00:00:01.001
2021-07-23 15:58:35,882 INFO 25240 [egg-schedule]: register schedule F:\PlanningIntegration\work\project\scfun-system\node_modules\egg-multipart\app\schedule\clean_tmpdir.js
2021-07-23 15:58:35,882 INFO 25240 [egg-schedule]: register schedule F:\PlanningIntegration\work\project\scfun-system\node_modules\egg-logrotator\app\schedule\clean_log.js
2021-07-23 15:58:35,882 INFO 25240 [egg-schedule]: register schedule F:\PlanningIntegration\work\project\scfun-system\node_modules\egg-logrotator\app\schedule\rotate_by_file.js
2021-07-23 15:58:36,572 INFO 25240 [Timer] F:\PlanningIntegration\work\project\scfun-system\node_modules\egg-multipart\app\schedule\clean_tmpdir.js next time will execute after 45083437ms at 2021-07-24 04:30:00.009
2021-07-23 15:58:36,573 INFO 25240 [Timer] F:\PlanningIntegration\work\project\scfun-system\node_modules\egg-logrotator\app\schedule\clean_log.js next time will execute after 28883428ms at 2021-07-24 00:00:00.001
2021-07-23 15:58:36,574 INFO 25240 [Timer] F:\PlanningIntegration\work\project\scfun-system\node_modules\egg-logrotator\app\schedule\rotate_by_file.js next time will execute after 28884427ms at 2021-07-24 00:00:01.001
2021-07-23 16:02:22,763 INFO 6576 [egg-schedule]: register schedule F:\PlanningIntegration\work\project\scfun-system\node_modules\egg-multipart\app\schedule\clean_tmpdir.js
2021-07-23 16:02:22,763 INFO 6576 [egg-schedule]: register schedule F:\PlanningIntegration\work\project\scfun-system\node_modules\egg-logrotator\app\schedule\clean_log.js
2021-07-23 16:02:22,763 INFO 6576 [egg-schedule]: register schedule F:\PlanningIntegration\work\project\scfun-system\node_modules\egg-logrotator\app\schedule\rotate_by_file.js
2021-07-23 16:02:24,058 INFO 6576 [Timer] F:\PlanningIntegration\work\project\scfun-system\node_modules\egg-multipart\app\schedule\clean_tmpdir.js next time will execute after 44855953ms at 2021-07-24 04:30:00.011
2021-07-23 16:02:24,060 INFO 6576 [Timer] F:\PlanningIntegration\work\project\scfun-system\node_modules\egg-logrotator\app\schedule\clean_log.js next time will execute after 28655942ms at 2021-07-24 00:00:00.002
2021-07-23 16:02:24,061 INFO 6576 [Timer] F:\PlanningIntegration\work\project\scfun-system\node_modules\egg-logrotator\app\schedule\rotate_by_file.js next time will execute after 28656940ms at 2021-07-24 00:00:01.001
